<?xml version="1.0" encoding="UTF-8"?>
<!-- Generated by org.testng.reporters.JUnitXMLReporter -->
<testsuite ignored="0" hostname="DESKTOP-T1R37VL" failures="1" tests="2" name="Test" time="24.417" errors="0" timestamp="2024-03-05T17:55:56 IST">
  <testcase classname="qa.tests.Testcase1" name="sampleMethodForEnteringCredentials" time="6.829">
    <skipped/>
  </testcase> <!-- sampleMethodForEnteringCredentials -->
  <testcase classname="qa.tests.Testcase1" name="sampleMethodForEnteringCredentials" time="5.199">
    <failure type="java.lang.AssertionError" message="Element not found expected [true] but found [false]">
      <![CDATA[java.lang.AssertionError: Element not found expected [true] but found [false]
at pageEvents.LoginPageEvents.verifyIfLoginPageIsLoaded(LoginPageEvents.java:13)
at qa.tests.Testcase1.sampleMethodForEnteringCredentials(Testcase1.java:19)
at java.base/java.util.ArrayList.forEach(ArrayList.java:1596)
... Removed 28 stack frames]]>
    </failure>
  </testcase> <!-- sampleMethodForEnteringCredentials -->
</testsuite> <!-- Test -->
